{"gravity": "error", "file": "./nsd.yaml", "message": "imports[0]:file: ../vnfd/vnfd_vm1.yaml - file not found", "cls": "TypeChecker", "value": "../vnfd/vnfd_vm1.yaml", "line": 4, "column": 5}
{"gravity": "error", "file": "./nsd.yaml", "message": "imports[1]:file: ../vnfd/vnfd_vm2.yaml - file not found", "cls": "TypeChecker", "value": "../vnfd/vnfd_vm2.yaml", "line": 5, "column": 5}
{"gravity": "error", "file": "./nsd.yaml", "message": "imports[2]:file: ../vnfd/vnfd_container.yaml - file not found", "cls": "TypeChecker", "value": "../vnfd/vnfd_container.yaml", "line": 6, "column": 5}
{"gravity": "error", "file": "./nsd.yaml", "message": "topology_template:node_templates:vnf_vm1:type: tosca.nodes.nfv.VNF - undefined type but node type expected", "cls": "TypeChecker", "value": "tosca.nodes.nfv.VNF", "line": 12, "column": 13}
{"gravity": "error", "file": "./nsd.yaml", "message": "topology_template:node_templates:vnf_vm1:requirements[0]:vl - undefined in tosca.nodes.nfv.VNF", "cls": "TypeChecker", "value": "vl", "line": 14, "column": 11}
{"gravity": "error", "file": "./nsd.yaml", "message": "topology_template:node_templates:vnf_vm2:type: tosca.nodes.nfv.VNF - undefined type but node type expected", "cls": "TypeChecker", "value": "tosca.nodes.nfv.VNF", "line": 17, "column": 13}
{"gravity": "error", "file": "./nsd.yaml", "message": "topology_template:node_templates:vnf_vm2:requirements[0]:vl - undefined in tosca.nodes.nfv.VNF", "cls": "TypeChecker", "value": "vl", "line": 19, "column": 11}
{"gravity": "error", "file": "./nsd.yaml", "message": "topology_template:node_templates:vnf_container:type: tosca.nodes.nfv.VNF - undefined type but node type expected", "cls": "TypeChecker", "value": "tosca.nodes.nfv.VNF", "line": 22, "column": 13}
{"gravity": "error", "file": "./nsd.yaml", "message": "topology_template:node_templates:vnf_container:requirements[0]:vl - undefined in tosca.nodes.nfv.VNF", "cls": "TypeChecker", "value": "vl", "line": 24, "column": 11}
{"gravity": "error", "file": "./nsd.yaml", "message": "topology_template:node_templates:vl1:type: tosca.nodes.nfv.VL - undefined type but node type expected", "cls": "TypeChecker", "value": "tosca.nodes.nfv.VL", "line": 27, "column": 13}
{"gravity": "error", "file": "./nsd.yaml", "message": "topology_template:node_templates:vl2:type: tosca.nodes.nfv.VL - undefined type but node type expected", "cls": "TypeChecker", "value": "tosca.nodes.nfv.VL", "line": 30, "column": 13}
{"gravity": "error", "file": "./nsd.yaml", "message": "topology_template:groups:ns_scaling_group:type: tosca.groups.Scaling - undefined type but group type expected", "cls": "TypeChecker", "value": "tosca.groups.Scaling", "line": 34, "column": 13}
{"gravity": "error", "file": "./nsd.yaml", "message": "topology_template:groups:ns_scaling_group:properties:min_instances - undefined in tosca.groups.Scaling", "cls": "TypeChecker", "value": "min_instances", "line": 37, "column": 9}
{"gravity": "error", "file": "./nsd.yaml", "message": "topology_template:groups:ns_scaling_group:properties:max_instances - undefined in tosca.groups.Scaling", "cls": "TypeChecker", "value": "max_instances", "line": 38, "column": 9}
{"gravity": "error", "file": "./nsd.yaml", "message": "topology_template:node_templates:vnf_vm1:type: tosca.nodes.nfv.VNF undefined", "cls": "TopologyTemplateGenerator", "value": "tosca.nodes.nfv.VNF", "line": 12, "column": 13}
{"gravity": "error", "file": "./nsd.yaml", "message": "topology_template:node_templates:vnf_vm2:type: tosca.nodes.nfv.VNF undefined", "cls": "TopologyTemplateGenerator", "value": "tosca.nodes.nfv.VNF", "line": 17, "column": 13}
{"gravity": "error", "file": "./nsd.yaml", "message": "topology_template:node_templates:vnf_container:type: tosca.nodes.nfv.VNF undefined", "cls": "TopologyTemplateGenerator", "value": "tosca.nodes.nfv.VNF", "line": 22, "column": 13}
{"gravity": "error", "file": "./nsd.yaml", "message": "topology_template:node_templates:vl1:type: tosca.nodes.nfv.VL undefined", "cls": "TopologyTemplateGenerator", "value": "tosca.nodes.nfv.VL", "line": 27, "column": 13}
{"gravity": "error", "file": "./nsd.yaml", "message": "topology_template:node_templates:vl2:type: tosca.nodes.nfv.VL undefined", "cls": "TopologyTemplateGenerator", "value": "tosca.nodes.nfv.VL", "line": 30, "column": 13}
{"gravity": "error", "file": "./nsd.yaml", "message": "topology_template:groups:ns_scaling_group:type: tosca.groups.Scaling undefined", "cls": "TopologyTemplateGenerator", "value": "tosca.groups.Scaling", "line": 34, "column": 13}
{"gravity": "error", "file": "./nsd.yaml", "message": "topology_template:node_templates:vnf_vm1:vl - requirement undefined", "cls": "TopologyTemplateGenerator", "value": "vl1", "line": 14, "column": 15}
{"gravity": "error", "file": "./nsd.yaml", "message": "topology_template:node_templates:vnf_vm1:requirements:vl: capability of type unknown not found in tosca.nodes.nfv.VL", "cls": "TopologyTemplateGenerator", "value": "{'type': 'tosca.nodes.nfv.VL'}", "line": 27, "column": 7}
{"gravity": "error", "file": "./nsd.yaml", "message": "topology_template:node_templates:vnf_vm2:vl - requirement undefined", "cls": "TopologyTemplateGenerator", "value": "vl1", "line": 19, "column": 15}
{"gravity": "error", "file": "./nsd.yaml", "message": "topology_template:node_templates:vnf_vm2:requirements:vl: capability of type unknown not found in tosca.nodes.nfv.VL", "cls": "TopologyTemplateGenerator", "value": "{'type': 'tosca.nodes.nfv.VL'}", "line": 27, "column": 7}
{"gravity": "error", "file": "./nsd.yaml", "message": "topology_template:node_templates:vnf_container:vl - requirement undefined", "cls": "TopologyTemplateGenerator", "value": "vl2", "line": 24, "column": 15}
{"gravity": "error", "file": "./nsd.yaml", "message": "topology_template:node_templates:vnf_container:requirements:vl: capability of type unknown not found in tosca.nodes.nfv.VL", "cls": "TopologyTemplateGenerator", "value": "{'type': 'tosca.nodes.nfv.VL'}", "line": 30, "column": 7}
{"gravity": "error", "file": "./nsd.yaml", "message": "topology_template:groups:ns_scaling_group:properties: property 'min_instances' unknown", "cls": "TopologyTemplateGenerator", "value": "min_instances", "line": 37, "column": 9}
{"gravity": "error", "file": "./nsd.yaml", "message": "topology_template:groups:ns_scaling_group:properties: property 'max_instances' unknown", "cls": "TopologyTemplateGenerator", "value": "max_instances", "line": 38, "column": 9}
{"gravity": "error", "file": "./nsd.yaml", "message": "'tosca_nodes_nfv_VNF'", "cls": "tosca_nodes_nfv_VNF", "value": "tosca_nodes_nfv_VNF", "line": 0, "column": 0}
{"gravity": "error", "file": "./nsd.yaml", "message": "'tosca_nodes_nfv_VNF'", "cls": "tosca_nodes_nfv_VNF", "value": "tosca_nodes_nfv_VNF", "line": 0, "column": 0}
{"gravity": "error", "file": "./nsd.yaml", "message": "'tosca_nodes_nfv_VNF'", "cls": "tosca_nodes_nfv_VNF", "value": "tosca_nodes_nfv_VNF", "line": 0, "column": 0}
{"gravity": "error", "file": "./nsd.yaml", "message": "'tosca_nodes_nfv_VL'", "cls": "tosca_nodes_nfv_VL", "value": "tosca_nodes_nfv_VL", "line": 0, "column": 0}
{"gravity": "error", "file": "./nsd.yaml", "message": "'tosca_nodes_nfv_VL'", "cls": "tosca_nodes_nfv_VL", "value": "tosca_nodes_nfv_VL", "line": 0, "column": 0}
{"gravity": "error", "file": "./nsd.yaml", "message": "'tosca_groups_Scaling'", "cls": "tosca_groups_Scaling", "value": "tosca_groups_Scaling", "line": 0, "column": 0}
{"gravity": "error", "file": "./nsd.yaml", "message": "imports[0]: ../vnfd/vnfd_vm1.yaml: No such file: vnfd_vm1.yaml", "cls": "TopologyTemplateGenerator", "value": "../vnfd/vnfd_vm1.yaml", "line": 4, "column": 5}
{"gravity": "error", "file": "./nsd.yaml", "message": "imports[1]: ../vnfd/vnfd_vm2.yaml: No such file: vnfd_vm2.yaml", "cls": "TopologyTemplateGenerator", "value": "../vnfd/vnfd_vm2.yaml", "line": 5, "column": 5}
{"gravity": "error", "file": "./nsd.yaml", "message": "imports[2]: ../vnfd/vnfd_container.yaml: No such file: vnfd_container.yaml", "cls": "TopologyTemplateGenerator", "value": "../vnfd/vnfd_container.yaml", "line": 6, "column": 5}
{"gravity": "error", "file": "./nsd.yaml", "message": "vl: capability undefined", "cls": "ToscaDiagramGenerator", "value": "vl", "line": 14, "column": 11}
{"gravity": "error", "file": "./nsd.yaml", "message": "vl: capability undefined", "cls": "ToscaDiagramGenerator", "value": "vl", "line": 19, "column": 11}
{"gravity": "error", "file": "./nsd.yaml", "message": "vl: capability undefined", "cls": "ToscaDiagramGenerator", "value": "vl", "line": 24, "column": 11}
