{"gravity": "warning", "file": "./types/etsi_nfv_sol001_nsd_types.yaml", "message": "data_types:tosca.datatypes.nfv.Mask:properties:starting_point:type: integer - no constraints then negative values allowed", "cls": "TypeChecker", "value": "integer", "line": 80, "column": 15}
{"gravity": "warning", "file": "./types/etsi_nfv_sol001_nsd_types.yaml", "message": "data_types:tosca.datatypes.nfv.Mask:properties:length:type: integer - no constraints then negative values allowed", "cls": "TypeChecker", "value": "integer", "line": 84, "column": 15}
{"gravity": "warning", "file": "./types/custom_scaling_types.yaml", "message": "group_types:tosca.groups.Scaling:properties:min_instances:type: integer - no constraints then negative values allowed", "cls": "TypeChecker", "value": "integer", "line": 12, "column": 15}
{"gravity": "warning", "file": "./types/custom_scaling_types.yaml", "message": "group_types:tosca.groups.Scaling:properties:max_instances:type: integer - no constraints then negative values allowed", "cls": "TypeChecker", "value": "integer", "line": 16, "column": 15}
{"gravity": "error", "file": "./vnfd/vnfd_vm1.yaml", "message": "topology_template:groups:scaling_group_vm1:type: tosca.groups.Scaling - undefined type but group type expected", "cls": "TypeChecker", "value": "tosca.groups.Scaling", "line": 17, "column": 13}
{"gravity": "error", "file": "./vnfd/vnfd_vm1.yaml", "message": "topology_template:groups:scaling_group_vm1:properties:min_instances - undefined in tosca.groups.Scaling", "cls": "TypeChecker", "value": "min_instances", "line": 20, "column": 9}
{"gravity": "error", "file": "./vnfd/vnfd_vm1.yaml", "message": "topology_template:groups:scaling_group_vm1:properties:max_instances - undefined in tosca.groups.Scaling", "cls": "TypeChecker", "value": "max_instances", "line": 21, "column": 9}
{"gravity": "error", "file": "./vnfd/vnfd_vm1.yaml", "message": "topology_template:groups:scaling_group_vm1:type: tosca.groups.Scaling undefined", "cls": "TopologyTemplateGenerator", "value": "tosca.groups.Scaling", "line": 17, "column": 13}
{"gravity": "error", "file": "./vnfd/vnfd_vm1.yaml", "message": "topology_template:groups:scaling_group_vm1:properties: property 'min_instances' unknown", "cls": "TopologyTemplateGenerator", "value": "min_instances", "line": 20, "column": 9}
{"gravity": "error", "file": "./vnfd/vnfd_vm1.yaml", "message": "topology_template:groups:scaling_group_vm1:properties: property 'max_instances' unknown", "cls": "TopologyTemplateGenerator", "value": "max_instances", "line": 21, "column": 9}
{"gravity": "error", "file": "./vnfd/vnfd_vm1.yaml", "message": "'tosca_groups_Scaling'", "cls": "tosca_groups_Scaling", "value": "tosca_groups_Scaling", "line": 0, "column": 0}
{"gravity": "error", "file": "./vnfd/vnfd_container.yaml", "message": "topology_template:node_templates:podA:requirements:host - no node template matching tosca.nodes.Container.Runtime", "cls": "TypeChecker", "value": "None", "line": 0, "column": 0}
{"gravity": "error", "file": "./vnfd/vnfd_container.yaml", "message": "topology_template:node_templates:podA:requirements:network - no node template matching tosca.nodes.network.Network", "cls": "TypeChecker", "value": "None", "line": 0, "column": 0}
{"gravity": "error", "file": "./vnfd/vnfd_container.yaml", "message": "topology_template:node_templates:podB:requirements:host - no node template matching tosca.nodes.Container.Runtime", "cls": "TypeChecker", "value": "None", "line": 0, "column": 0}
{"gravity": "error", "file": "./vnfd/vnfd_container.yaml", "message": "topology_template:node_templates:podB:requirements:network - no node template matching tosca.nodes.network.Network", "cls": "TypeChecker", "value": "None", "line": 0, "column": 0}
{"gravity": "error", "file": "./vnfd/vnfd_vm2.yaml", "message": "topology_template:groups:scaling_group_vm2:type: tosca.groups.Scaling - undefined type but group type expected", "cls": "TypeChecker", "value": "tosca.groups.Scaling", "line": 17, "column": 13}
{"gravity": "error", "file": "./vnfd/vnfd_vm2.yaml", "message": "topology_template:groups:scaling_group_vm2:properties:min_instances - undefined in tosca.groups.Scaling", "cls": "TypeChecker", "value": "min_instances", "line": 20, "column": 9}
{"gravity": "error", "file": "./vnfd/vnfd_vm2.yaml", "message": "topology_template:groups:scaling_group_vm2:properties:max_instances - undefined in tosca.groups.Scaling", "cls": "TypeChecker", "value": "max_instances", "line": 21, "column": 9}
{"gravity": "error", "file": "./vnfd/vnfd_vm2.yaml", "message": "topology_template:groups:scaling_group_vm2:type: tosca.groups.Scaling undefined", "cls": "TopologyTemplateGenerator", "value": "tosca.groups.Scaling", "line": 17, "column": 13}
{"gravity": "error", "file": "./vnfd/vnfd_vm2.yaml", "message": "topology_template:groups:scaling_group_vm2:properties: property 'min_instances' unknown", "cls": "TopologyTemplateGenerator", "value": "min_instances", "line": 20, "column": 9}
{"gravity": "error", "file": "./vnfd/vnfd_vm2.yaml", "message": "topology_template:groups:scaling_group_vm2:properties: property 'max_instances' unknown", "cls": "TopologyTemplateGenerator", "value": "max_instances", "line": 21, "column": 9}
{"gravity": "error", "file": "./vnfd/vnfd_vm2.yaml", "message": "'tosca_groups_Scaling'", "cls": "tosca_groups_Scaling", "value": "tosca_groups_Scaling", "line": 0, "column": 0}
{"gravity": "error", "file": "./nsd.yaml", "message": "imports[2]:file: ../types/custom_scaling_types.yaml - file not found", "cls": "TypeChecker", "value": "{'file': '../types/custom_scaling_types.yaml'}", "line": 6, "column": 5}
{"gravity": "error", "file": "./nsd.yaml", "message": "topology_template:node_templates:vnf_vm1 - descriptor_id required property unassigned", "cls": "TypeChecker", "value": "{'type': 'tosca.nodes.nfv.VNF', 'requirements': [{'vl': 'vl1'}]}", "line": 15, "column": 7}
{"gravity": "error", "file": "./nsd.yaml", "message": "topology_template:node_templates:vnf_vm1 - descriptor_version required property unassigned", "cls": "TypeChecker", "value": "{'type': 'tosca.nodes.nfv.VNF', 'requirements': [{'vl': 'vl1'}]}", "line": 15, "column": 7}
{"gravity": "error", "file": "./nsd.yaml", "message": "topology_template:node_templates:vnf_vm1 - provider required property unassigned", "cls": "TypeChecker", "value": "{'type': 'tosca.nodes.nfv.VNF', 'requirements': [{'vl': 'vl1'}]}", "line": 15, "column": 7}
{"gravity": "error", "file": "./nsd.yaml", "message": "topology_template:node_templates:vnf_vm1 - product_name required property unassigned", "cls": "TypeChecker", "value": "{'type': 'tosca.nodes.nfv.VNF', 'requirements': [{'vl': 'vl1'}]}", "line": 15, "column": 7}
{"gravity": "error", "file": "./nsd.yaml", "message": "topology_template:node_templates:vnf_vm1 - software_version required property unassigned", "cls": "TypeChecker", "value": "{'type': 'tosca.nodes.nfv.VNF', 'requirements': [{'vl': 'vl1'}]}", "line": 15, "column": 7}
{"gravity": "error", "file": "./nsd.yaml", "message": "topology_template:node_templates:vnf_vm1 - vnfm_info required property unassigned", "cls": "TypeChecker", "value": "{'type': 'tosca.nodes.nfv.VNF', 'requirements': [{'vl': 'vl1'}]}", "line": 15, "column": 7}
{"gravity": "error", "file": "./nsd.yaml", "message": "topology_template:node_templates:vnf_vm1 - flavour_id required property unassigned", "cls": "TypeChecker", "value": "{'type': 'tosca.nodes.nfv.VNF', 'requirements': [{'vl': 'vl1'}]}", "line": 15, "column": 7}
{"gravity": "error", "file": "./nsd.yaml", "message": "topology_template:node_templates:vnf_vm1 - flavour_description required property unassigned", "cls": "TypeChecker", "value": "{'type': 'tosca.nodes.nfv.VNF', 'requirements': [{'vl': 'vl1'}]}", "line": 15, "column": 7}
{"gravity": "error", "file": "./nsd.yaml", "message": "topology_template:node_templates:vnf_vm1:requirements[0]:vl - undefined in tosca.nodes.nfv.VNF", "cls": "TypeChecker", "value": "vl", "line": 17, "column": 11}
{"gravity": "error", "file": "./nsd.yaml", "message": "topology_template:node_templates:vnf_vm2 - descriptor_id required property unassigned", "cls": "TypeChecker", "value": "{'type': 'tosca.nodes.nfv.VNF', 'requirements': [{'vl': 'vl1'}]}", "line": 20, "column": 7}
{"gravity": "error", "file": "./nsd.yaml", "message": "topology_template:node_templates:vnf_vm2 - descriptor_version required property unassigned", "cls": "TypeChecker", "value": "{'type': 'tosca.nodes.nfv.VNF', 'requirements': [{'vl': 'vl1'}]}", "line": 20, "column": 7}
{"gravity": "error", "file": "./nsd.yaml", "message": "topology_template:node_templates:vnf_vm2 - provider required property unassigned", "cls": "TypeChecker", "value": "{'type': 'tosca.nodes.nfv.VNF', 'requirements': [{'vl': 'vl1'}]}", "line": 20, "column": 7}
{"gravity": "error", "file": "./nsd.yaml", "message": "topology_template:node_templates:vnf_vm2 - product_name required property unassigned", "cls": "TypeChecker", "value": "{'type': 'tosca.nodes.nfv.VNF', 'requirements': [{'vl': 'vl1'}]}", "line": 20, "column": 7}
{"gravity": "error", "file": "./nsd.yaml", "message": "topology_template:node_templates:vnf_vm2 - software_version required property unassigned", "cls": "TypeChecker", "value": "{'type': 'tosca.nodes.nfv.VNF', 'requirements': [{'vl': 'vl1'}]}", "line": 20, "column": 7}
{"gravity": "error", "file": "./nsd.yaml", "message": "topology_template:node_templates:vnf_vm2 - vnfm_info required property unassigned", "cls": "TypeChecker", "value": "{'type': 'tosca.nodes.nfv.VNF', 'requirements': [{'vl': 'vl1'}]}", "line": 20, "column": 7}
{"gravity": "error", "file": "./nsd.yaml", "message": "topology_template:node_templates:vnf_vm2 - flavour_id required property unassigned", "cls": "TypeChecker", "value": "{'type': 'tosca.nodes.nfv.VNF', 'requirements': [{'vl': 'vl1'}]}", "line": 20, "column": 7}
{"gravity": "error", "file": "./nsd.yaml", "message": "topology_template:node_templates:vnf_vm2 - flavour_description required property unassigned", "cls": "TypeChecker", "value": "{'type': 'tosca.nodes.nfv.VNF', 'requirements': [{'vl': 'vl1'}]}", "line": 20, "column": 7}
{"gravity": "error", "file": "./nsd.yaml", "message": "topology_template:node_templates:vnf_vm2:requirements[0]:vl - undefined in tosca.nodes.nfv.VNF", "cls": "TypeChecker", "value": "vl", "line": 22, "column": 11}
{"gravity": "error", "file": "./nsd.yaml", "message": "topology_template:node_templates:vnf_container - descriptor_id required property unassigned", "cls": "TypeChecker", "value": "{'type': 'tosca.nodes.nfv.VNF', 'requirements': [{'vl': 'vl2'}]}", "line": 25, "column": 7}
{"gravity": "error", "file": "./nsd.yaml", "message": "topology_template:node_templates:vnf_container - descriptor_version required property unassigned", "cls": "TypeChecker", "value": "{'type': 'tosca.nodes.nfv.VNF', 'requirements': [{'vl': 'vl2'}]}", "line": 25, "column": 7}
{"gravity": "error", "file": "./nsd.yaml", "message": "topology_template:node_templates:vnf_container - provider required property unassigned", "cls": "TypeChecker", "value": "{'type': 'tosca.nodes.nfv.VNF', 'requirements': [{'vl': 'vl2'}]}", "line": 25, "column": 7}
{"gravity": "error", "file": "./nsd.yaml", "message": "topology_template:node_templates:vnf_container - product_name required property unassigned", "cls": "TypeChecker", "value": "{'type': 'tosca.nodes.nfv.VNF', 'requirements': [{'vl': 'vl2'}]}", "line": 25, "column": 7}
{"gravity": "error", "file": "./nsd.yaml", "message": "topology_template:node_templates:vnf_container - software_version required property unassigned", "cls": "TypeChecker", "value": "{'type': 'tosca.nodes.nfv.VNF', 'requirements': [{'vl': 'vl2'}]}", "line": 25, "column": 7}
{"gravity": "error", "file": "./nsd.yaml", "message": "topology_template:node_templates:vnf_container - vnfm_info required property unassigned", "cls": "TypeChecker", "value": "{'type': 'tosca.nodes.nfv.VNF', 'requirements': [{'vl': 'vl2'}]}", "line": 25, "column": 7}
{"gravity": "error", "file": "./nsd.yaml", "message": "topology_template:node_templates:vnf_container - flavour_id required property unassigned", "cls": "TypeChecker", "value": "{'type': 'tosca.nodes.nfv.VNF', 'requirements': [{'vl': 'vl2'}]}", "line": 25, "column": 7}
{"gravity": "error", "file": "./nsd.yaml", "message": "topology_template:node_templates:vnf_container - flavour_description required property unassigned", "cls": "TypeChecker", "value": "{'type': 'tosca.nodes.nfv.VNF', 'requirements': [{'vl': 'vl2'}]}", "line": 25, "column": 7}
{"gravity": "error", "file": "./nsd.yaml", "message": "topology_template:node_templates:vnf_container:requirements[0]:vl - undefined in tosca.nodes.nfv.VNF", "cls": "TypeChecker", "value": "vl", "line": 27, "column": 11}
{"gravity": "error", "file": "./nsd.yaml", "message": "topology_template:node_templates:vl1:type: tosca.nodes.nfv.VL - undefined type but node type expected", "cls": "TypeChecker", "value": "tosca.nodes.nfv.VL", "line": 30, "column": 13}
{"gravity": "error", "file": "./nsd.yaml", "message": "topology_template:node_templates:vl2:type: tosca.nodes.nfv.VL - undefined type but node type expected", "cls": "TypeChecker", "value": "tosca.nodes.nfv.VL", "line": 33, "column": 13}
{"gravity": "error", "file": "./nsd.yaml", "message": "topology_template:node_templates:vl1:type: tosca.nodes.nfv.VL undefined", "cls": "TopologyTemplateGenerator", "value": "tosca.nodes.nfv.VL", "line": 30, "column": 13}
{"gravity": "error", "file": "./nsd.yaml", "message": "topology_template:node_templates:vl2:type: tosca.nodes.nfv.VL undefined", "cls": "TopologyTemplateGenerator", "value": "tosca.nodes.nfv.VL", "line": 33, "column": 13}
{"gravity": "error", "file": "./nsd.yaml", "message": "topology_template:node_templates:vnf_vm1:properties: property 'descriptor_id' must be set as it is required", "cls": "TopologyTemplateGenerator", "value": "None", "line": 0, "column": 0}
{"gravity": "error", "file": "./nsd.yaml", "message": "topology_template:node_templates:vnf_vm1:properties: property 'descriptor_version' must be set as it is required", "cls": "TopologyTemplateGenerator", "value": "None", "line": 0, "column": 0}
{"gravity": "error", "file": "./nsd.yaml", "message": "topology_template:node_templates:vnf_vm1:properties: property 'provider' must be set as it is required", "cls": "TopologyTemplateGenerator", "value": "None", "line": 0, "column": 0}
{"gravity": "error", "file": "./nsd.yaml", "message": "topology_template:node_templates:vnf_vm1:properties: property 'product_name' must be set as it is required", "cls": "TopologyTemplateGenerator", "value": "None", "line": 0, "column": 0}
{"gravity": "error", "file": "./nsd.yaml", "message": "topology_template:node_templates:vnf_vm1:properties: property 'software_version' must be set as it is required", "cls": "TopologyTemplateGenerator", "value": "None", "line": 0, "column": 0}
{"gravity": "error", "file": "./nsd.yaml", "message": "topology_template:node_templates:vnf_vm1:properties: property 'vnfm_info' must be set as it is required", "cls": "TopologyTemplateGenerator", "value": "None", "line": 0, "column": 0}
{"gravity": "error", "file": "./nsd.yaml", "message": "topology_template:node_templates:vnf_vm1:properties: property 'flavour_id' must be set as it is required", "cls": "TopologyTemplateGenerator", "value": "None", "line": 0, "column": 0}
{"gravity": "error", "file": "./nsd.yaml", "message": "topology_template:node_templates:vnf_vm1:properties: property 'flavour_description' must be set as it is required", "cls": "TopologyTemplateGenerator", "value": "None", "line": 0, "column": 0}
{"gravity": "error", "file": "./nsd.yaml", "message": "topology_template:node_templates:vnf_vm1:vl - requirement undefined", "cls": "TopologyTemplateGenerator", "value": "vl1", "line": 17, "column": 15}
{"gravity": "error", "file": "./nsd.yaml", "message": "topology_template:node_templates:vnf_vm1:requirements:vl: capability of type unknown not found in tosca.nodes.nfv.VL", "cls": "TopologyTemplateGenerator", "value": "{'type': 'tosca.nodes.nfv.VL'}", "line": 30, "column": 7}
{"gravity": "error", "file": "./nsd.yaml", "message": "topology_template:node_templates:vnf_vm2:properties: property 'descriptor_id' must be set as it is required", "cls": "TopologyTemplateGenerator", "value": "None", "line": 0, "column": 0}
{"gravity": "error", "file": "./nsd.yaml", "message": "topology_template:node_templates:vnf_vm2:properties: property 'descriptor_version' must be set as it is required", "cls": "TopologyTemplateGenerator", "value": "None", "line": 0, "column": 0}
{"gravity": "error", "file": "./nsd.yaml", "message": "topology_template:node_templates:vnf_vm2:properties: property 'provider' must be set as it is required", "cls": "TopologyTemplateGenerator", "value": "None", "line": 0, "column": 0}
{"gravity": "error", "file": "./nsd.yaml", "message": "topology_template:node_templates:vnf_vm2:properties: property 'product_name' must be set as it is required", "cls": "TopologyTemplateGenerator", "value": "None", "line": 0, "column": 0}
{"gravity": "error", "file": "./nsd.yaml", "message": "topology_template:node_templates:vnf_vm2:properties: property 'software_version' must be set as it is required", "cls": "TopologyTemplateGenerator", "value": "None", "line": 0, "column": 0}
{"gravity": "error", "file": "./nsd.yaml", "message": "topology_template:node_templates:vnf_vm2:properties: property 'vnfm_info' must be set as it is required", "cls": "TopologyTemplateGenerator", "value": "None", "line": 0, "column": 0}
{"gravity": "error", "file": "./nsd.yaml", "message": "topology_template:node_templates:vnf_vm2:properties: property 'flavour_id' must be set as it is required", "cls": "TopologyTemplateGenerator", "value": "None", "line": 0, "column": 0}
{"gravity": "error", "file": "./nsd.yaml", "message": "topology_template:node_templates:vnf_vm2:properties: property 'flavour_description' must be set as it is required", "cls": "TopologyTemplateGenerator", "value": "None", "line": 0, "column": 0}
{"gravity": "error", "file": "./nsd.yaml", "message": "topology_template:node_templates:vnf_vm2:vl - requirement undefined", "cls": "TopologyTemplateGenerator", "value": "vl1", "line": 22, "column": 15}
{"gravity": "error", "file": "./nsd.yaml", "message": "topology_template:node_templates:vnf_vm2:requirements:vl: capability of type unknown not found in tosca.nodes.nfv.VL", "cls": "TopologyTemplateGenerator", "value": "{'type': 'tosca.nodes.nfv.VL'}", "line": 30, "column": 7}
{"gravity": "error", "file": "./nsd.yaml", "message": "topology_template:node_templates:vnf_container:properties: property 'descriptor_id' must be set as it is required", "cls": "TopologyTemplateGenerator", "value": "None", "line": 0, "column": 0}
{"gravity": "error", "file": "./nsd.yaml", "message": "topology_template:node_templates:vnf_container:properties: property 'descriptor_version' must be set as it is required", "cls": "TopologyTemplateGenerator", "value": "None", "line": 0, "column": 0}
{"gravity": "error", "file": "./nsd.yaml", "message": "topology_template:node_templates:vnf_container:properties: property 'provider' must be set as it is required", "cls": "TopologyTemplateGenerator", "value": "None", "line": 0, "column": 0}
{"gravity": "error", "file": "./nsd.yaml", "message": "topology_template:node_templates:vnf_container:properties: property 'product_name' must be set as it is required", "cls": "TopologyTemplateGenerator", "value": "None", "line": 0, "column": 0}
{"gravity": "error", "file": "./nsd.yaml", "message": "topology_template:node_templates:vnf_container:properties: property 'software_version' must be set as it is required", "cls": "TopologyTemplateGenerator", "value": "None", "line": 0, "column": 0}
{"gravity": "error", "file": "./nsd.yaml", "message": "topology_template:node_templates:vnf_container:properties: property 'vnfm_info' must be set as it is required", "cls": "TopologyTemplateGenerator", "value": "None", "line": 0, "column": 0}
{"gravity": "error", "file": "./nsd.yaml", "message": "topology_template:node_templates:vnf_container:properties: property 'flavour_id' must be set as it is required", "cls": "TopologyTemplateGenerator", "value": "None", "line": 0, "column": 0}
{"gravity": "error", "file": "./nsd.yaml", "message": "topology_template:node_templates:vnf_container:properties: property 'flavour_description' must be set as it is required", "cls": "TopologyTemplateGenerator", "value": "None", "line": 0, "column": 0}
{"gravity": "error", "file": "./nsd.yaml", "message": "topology_template:node_templates:vnf_container:vl - requirement undefined", "cls": "TopologyTemplateGenerator", "value": "vl2", "line": 27, "column": 15}
{"gravity": "error", "file": "./nsd.yaml", "message": "topology_template:node_templates:vnf_container:requirements:vl: capability of type unknown not found in tosca.nodes.nfv.VL", "cls": "TopologyTemplateGenerator", "value": "{'type': 'tosca.nodes.nfv.VL'}", "line": 33, "column": 7}
{"gravity": "error", "file": "./nsd.yaml", "message": "'tosca_nodes_nfv_VL'", "cls": "tosca_nodes_nfv_VL", "value": "tosca_nodes_nfv_VL", "line": 0, "column": 0}
{"gravity": "error", "file": "./nsd.yaml", "message": "'tosca_nodes_nfv_VL'", "cls": "tosca_nodes_nfv_VL", "value": "tosca_nodes_nfv_VL", "line": 0, "column": 0}
{"gravity": "error", "file": "./nsd.yaml", "message": "imports[2]: ../types/custom_scaling_types.yaml: No such file: custom_scaling_types.yaml", "cls": "TopologyTemplateGenerator", "value": "{'file': '../types/custom_scaling_types.yaml'}", "line": 6, "column": 5}
{"gravity": "error", "file": "./nsd.yaml", "message": "vl: capability undefined", "cls": "ToscaDiagramGenerator", "value": "vl", "line": 17, "column": 11}
{"gravity": "error", "file": "./nsd.yaml", "message": "vl: capability undefined", "cls": "ToscaDiagramGenerator", "value": "vl", "line": 22, "column": 11}
{"gravity": "error", "file": "./nsd.yaml", "message": "vl: capability undefined", "cls": "ToscaDiagramGenerator", "value": "vl", "line": 27, "column": 11}
{"gravity": "error", "file": "./nsd/RESULTS-2025-12-11_00-18-08/DeclarativeWorkflows/nsd.yaml", "message": "imports[0]:file: ../vnfd/vnfd_vm1.yaml - file not found", "cls": "TypeChecker", "value": "../vnfd/vnfd_vm1.yaml", "line": 2, "column": 3}
{"gravity": "error", "file": "./nsd/RESULTS-2025-12-11_00-18-08/DeclarativeWorkflows/nsd.yaml", "message": "imports[1]:file: ../vnfd/vnfd_vm2.yaml - file not found", "cls": "TypeChecker", "value": "../vnfd/vnfd_vm2.yaml", "line": 3, "column": 3}
{"gravity": "error", "file": "./nsd/RESULTS-2025-12-11_00-18-08/DeclarativeWorkflows/nsd.yaml", "message": "imports[2]:file: ../vnfd/vnfd_container.yaml - file not found", "cls": "TypeChecker", "value": "../vnfd/vnfd_container.yaml", "line": 4, "column": 3}
{"gravity": "error", "file": "./nsd/RESULTS-2025-12-11_00-18-08/DeclarativeWorkflows/nsd.yaml", "message": "topology_template:node_templates:vl1:type: tosca.nodes.nfv.VL - undefined type but node type expected", "cls": "TypeChecker", "value": "tosca.nodes.nfv.VL", "line": 18, "column": 13}
{"gravity": "error", "file": "./nsd/RESULTS-2025-12-11_00-18-08/DeclarativeWorkflows/nsd.yaml", "message": "topology_template:node_templates:vl2:type: tosca.nodes.nfv.VL - undefined type but node type expected", "cls": "TypeChecker", "value": "tosca.nodes.nfv.VL", "line": 20, "column": 13}
{"gravity": "error", "file": "./nsd/RESULTS-2025-12-11_00-18-08/DeclarativeWorkflows/nsd.yaml", "message": "topology_template:node_templates:vnf_container:type: tosca.nodes.nfv.VNF - undefined type but node type expected", "cls": "TypeChecker", "value": "tosca.nodes.nfv.VNF", "line": 24, "column": 13}
{"gravity": "error", "file": "./nsd/RESULTS-2025-12-11_00-18-08/DeclarativeWorkflows/nsd.yaml", "message": "topology_template:node_templates:vnf_container:requirements[0]:vl - undefined in tosca.nodes.nfv.VNF", "cls": "TypeChecker", "value": "vl", "line": 23, "column": 9}
{"gravity": "error", "file": "./nsd/RESULTS-2025-12-11_00-18-08/DeclarativeWorkflows/nsd.yaml", "message": "topology_template:node_templates:vnf_vm1:type: tosca.nodes.nfv.VNF - undefined type but node type expected", "cls": "TypeChecker", "value": "tosca.nodes.nfv.VNF", "line": 28, "column": 13}
{"gravity": "error", "file": "./nsd/RESULTS-2025-12-11_00-18-08/DeclarativeWorkflows/nsd.yaml", "message": "topology_template:node_templates:vnf_vm1:requirements[0]:vl - undefined in tosca.nodes.nfv.VNF", "cls": "TypeChecker", "value": "vl", "line": 27, "column": 9}
{"gravity": "error", "file": "./nsd/RESULTS-2025-12-11_00-18-08/DeclarativeWorkflows/nsd.yaml", "message": "topology_template:node_templates:vnf_vm2:type: tosca.nodes.nfv.VNF - undefined type but node type expected", "cls": "TypeChecker", "value": "tosca.nodes.nfv.VNF", "line": 32, "column": 13}
{"gravity": "error", "file": "./nsd/RESULTS-2025-12-11_00-18-08/DeclarativeWorkflows/nsd.yaml", "message": "topology_template:node_templates:vnf_vm2:requirements[0]:vl - undefined in tosca.nodes.nfv.VNF", "cls": "TypeChecker", "value": "vl", "line": 31, "column": 9}
{"gravity": "error", "file": "./nsd/RESULTS-2025-12-11_00-18-08/DeclarativeWorkflows/nsd.yaml", "message": "topology_template:groups:ns_scaling_group:type: tosca.groups.Scaling - undefined type but group type expected", "cls": "TypeChecker", "value": "tosca.groups.Scaling", "line": 15, "column": 13}
{"gravity": "error", "file": "./nsd/RESULTS-2025-12-11_00-18-08/DeclarativeWorkflows/nsd.yaml", "message": "topology_template:groups:ns_scaling_group:properties:max_instances - undefined in tosca.groups.Scaling", "cls": "TypeChecker", "value": "max_instances", "line": 13, "column": 9}
{"gravity": "error", "file": "./nsd/RESULTS-2025-12-11_00-18-08/DeclarativeWorkflows/nsd.yaml", "message": "topology_template:groups:ns_scaling_group:properties:min_instances - undefined in tosca.groups.Scaling", "cls": "TypeChecker", "value": "min_instances", "line": 14, "column": 9}
{"gravity": "error", "file": "./nsd/RESULTS-2025-12-11_00-18-08/DeclarativeWorkflows/nsd.yaml", "message": "topology_template:workflows:declarative_deploy:steps:deploy_vl1:type: tosca.nodes.nfv.VL - undefined type but node or group type expected", "cls": "TypeChecker", "value": "tosca.nodes.nfv.VL", "line": 18, "column": 13}
{"gravity": "error", "file": "./nsd/RESULTS-2025-12-11_00-18-08/DeclarativeWorkflows/nsd.yaml", "message": "topology_template:workflows:declarative_deploy:steps:deploy_vl2:type: tosca.nodes.nfv.VL - undefined type but node or group type expected", "cls": "TypeChecker", "value": "tosca.nodes.nfv.VL", "line": 20, "column": 13}
{"gravity": "error", "file": "./nsd/RESULTS-2025-12-11_00-18-08/DeclarativeWorkflows/nsd.yaml", "message": "topology_template:workflows:declarative_deploy:steps:deploy_vnf_container:type: tosca.nodes.nfv.VNF - undefined type but node or group type expected", "cls": "TypeChecker", "value": "tosca.nodes.nfv.VNF", "line": 24, "column": 13}
{"gravity": "error", "file": "./nsd/RESULTS-2025-12-11_00-18-08/DeclarativeWorkflows/nsd.yaml", "message": "topology_template:workflows:declarative_deploy:steps:deploy_vnf_vm1:type: tosca.nodes.nfv.VNF - undefined type but node or group type expected", "cls": "TypeChecker", "value": "tosca.nodes.nfv.VNF", "line": 28, "column": 13}
{"gravity": "error", "file": "./nsd/RESULTS-2025-12-11_00-18-08/DeclarativeWorkflows/nsd.yaml", "message": "topology_template:workflows:declarative_deploy:steps:deploy_vnf_vm2:type: tosca.nodes.nfv.VNF - undefined type but node or group type expected", "cls": "TypeChecker", "value": "tosca.nodes.nfv.VNF", "line": 32, "column": 13}
{"gravity": "error", "file": "./nsd/RESULTS-2025-12-11_00-18-08/DeclarativeWorkflows/nsd.yaml", "message": "topology_template:workflows:declarative_undeploy:steps:undeploy_vl1:type: tosca.nodes.nfv.VL - undefined type but node or group type expected", "cls": "TypeChecker", "value": "tosca.nodes.nfv.VL", "line": 18, "column": 13}
{"gravity": "error", "file": "./nsd/RESULTS-2025-12-11_00-18-08/DeclarativeWorkflows/nsd.yaml", "message": "topology_template:workflows:declarative_undeploy:steps:undeploy_vl2:type: tosca.nodes.nfv.VL - undefined type but node or group type expected", "cls": "TypeChecker", "value": "tosca.nodes.nfv.VL", "line": 20, "column": 13}
{"gravity": "error", "file": "./nsd/RESULTS-2025-12-11_00-18-08/DeclarativeWorkflows/nsd.yaml", "message": "topology_template:workflows:declarative_undeploy:steps:undeploy_vnf_container:type: tosca.nodes.nfv.VNF - undefined type but node or group type expected", "cls": "TypeChecker", "value": "tosca.nodes.nfv.VNF", "line": 24, "column": 13}
{"gravity": "error", "file": "./nsd/RESULTS-2025-12-11_00-18-08/DeclarativeWorkflows/nsd.yaml", "message": "topology_template:workflows:declarative_undeploy:steps:undeploy_vnf_vm1:type: tosca.nodes.nfv.VNF - undefined type but node or group type expected", "cls": "TypeChecker", "value": "tosca.nodes.nfv.VNF", "line": 28, "column": 13}
{"gravity": "error", "file": "./nsd/RESULTS-2025-12-11_00-18-08/DeclarativeWorkflows/nsd.yaml", "message": "topology_template:workflows:declarative_undeploy:steps:undeploy_vnf_vm2:type: tosca.nodes.nfv.VNF - undefined type but node or group type expected", "cls": "TypeChecker", "value": "tosca.nodes.nfv.VNF", "line": 32, "column": 13}
{"gravity": "error", "file": "./nsd/RESULTS-2025-12-11_00-18-08/DeclarativeWorkflows/nsd.yaml", "message": "topology_template:workflows:parallel_deploy:steps:deploy_vl1:type: tosca.nodes.nfv.VL - undefined type but node or group type expected", "cls": "TypeChecker", "value": "tosca.nodes.nfv.VL", "line": 18, "column": 13}
{"gravity": "error", "file": "./nsd/RESULTS-2025-12-11_00-18-08/DeclarativeWorkflows/nsd.yaml", "message": "topology_template:workflows:parallel_deploy:steps:deploy_vl2:type: tosca.nodes.nfv.VL - undefined type but node or group type expected", "cls": "TypeChecker", "value": "tosca.nodes.nfv.VL", "line": 20, "column": 13}
{"gravity": "error", "file": "./nsd/RESULTS-2025-12-11_00-18-08/DeclarativeWorkflows/nsd.yaml", "message": "topology_template:workflows:parallel_deploy:steps:deploy_vnf_container:type: tosca.nodes.nfv.VNF - undefined type but node or group type expected", "cls": "TypeChecker", "value": "tosca.nodes.nfv.VNF", "line": 24, "column": 13}
{"gravity": "error", "file": "./nsd/RESULTS-2025-12-11_00-18-08/DeclarativeWorkflows/nsd.yaml", "message": "topology_template:workflows:parallel_deploy:steps:deploy_vnf_vm1:type: tosca.nodes.nfv.VNF - undefined type but node or group type expected", "cls": "TypeChecker", "value": "tosca.nodes.nfv.VNF", "line": 28, "column": 13}
{"gravity": "error", "file": "./nsd/RESULTS-2025-12-11_00-18-08/DeclarativeWorkflows/nsd.yaml", "message": "topology_template:workflows:parallel_deploy:steps:deploy_vnf_vm2:type: tosca.nodes.nfv.VNF - undefined type but node or group type expected", "cls": "TypeChecker", "value": "tosca.nodes.nfv.VNF", "line": 32, "column": 13}
{"gravity": "error", "file": "./nsd/RESULTS-2025-12-11_00-18-08/DeclarativeWorkflows/nsd.yaml", "message": "topology_template:workflows:parallel_undeploy:steps:undeploy_vl1:type: tosca.nodes.nfv.VL - undefined type but node or group type expected", "cls": "TypeChecker", "value": "tosca.nodes.nfv.VL", "line": 18, "column": 13}
{"gravity": "error", "file": "./nsd/RESULTS-2025-12-11_00-18-08/DeclarativeWorkflows/nsd.yaml", "message": "topology_template:workflows:parallel_undeploy:steps:undeploy_vl2:type: tosca.nodes.nfv.VL - undefined type but node or group type expected", "cls": "TypeChecker", "value": "tosca.nodes.nfv.VL", "line": 20, "column": 13}
{"gravity": "error", "file": "./nsd/RESULTS-2025-12-11_00-18-08/DeclarativeWorkflows/nsd.yaml", "message": "topology_template:workflows:parallel_undeploy:steps:undeploy_vnf_container:type: tosca.nodes.nfv.VNF - undefined type but node or group type expected", "cls": "TypeChecker", "value": "tosca.nodes.nfv.VNF", "line": 24, "column": 13}
{"gravity": "error", "file": "./nsd/RESULTS-2025-12-11_00-18-08/DeclarativeWorkflows/nsd.yaml", "message": "topology_template:workflows:parallel_undeploy:steps:undeploy_vnf_vm1:type: tosca.nodes.nfv.VNF - undefined type but node or group type expected", "cls": "TypeChecker", "value": "tosca.nodes.nfv.VNF", "line": 28, "column": 13}
{"gravity": "error", "file": "./nsd/RESULTS-2025-12-11_00-18-08/DeclarativeWorkflows/nsd.yaml", "message": "topology_template:workflows:parallel_undeploy:steps:undeploy_vnf_vm2:type: tosca.nodes.nfv.VNF - undefined type but node or group type expected", "cls": "TypeChecker", "value": "tosca.nodes.nfv.VNF", "line": 32, "column": 13}
{"gravity": "error", "file": "./nsd/RESULTS-2025-12-11_00-18-08/DeclarativeWorkflows/nsd.yaml", "message": "topology_template:node_templates:vl1:type: tosca.nodes.nfv.VL undefined", "cls": "TopologyTemplateGenerator", "value": "tosca.nodes.nfv.VL", "line": 18, "column": 13}
{"gravity": "error", "file": "./nsd/RESULTS-2025-12-11_00-18-08/DeclarativeWorkflows/nsd.yaml", "message": "topology_template:node_templates:vl2:type: tosca.nodes.nfv.VL undefined", "cls": "TopologyTemplateGenerator", "value": "tosca.nodes.nfv.VL", "line": 20, "column": 13}
{"gravity": "error", "file": "./nsd/RESULTS-2025-12-11_00-18-08/DeclarativeWorkflows/nsd.yaml", "message": "topology_template:node_templates:vnf_container:type: tosca.nodes.nfv.VNF undefined", "cls": "TopologyTemplateGenerator", "value": "tosca.nodes.nfv.VNF", "line": 24, "column": 13}
{"gravity": "error", "file": "./nsd/RESULTS-2025-12-11_00-18-08/DeclarativeWorkflows/nsd.yaml", "message": "topology_template:node_templates:vnf_vm1:type: tosca.nodes.nfv.VNF undefined", "cls": "TopologyTemplateGenerator", "value": "tosca.nodes.nfv.VNF", "line": 28, "column": 13}
{"gravity": "error", "file": "./nsd/RESULTS-2025-12-11_00-18-08/DeclarativeWorkflows/nsd.yaml", "message": "topology_template:node_templates:vnf_vm2:type: tosca.nodes.nfv.VNF undefined", "cls": "TopologyTemplateGenerator", "value": "tosca.nodes.nfv.VNF", "line": 32, "column": 13}
{"gravity": "error", "file": "./nsd/RESULTS-2025-12-11_00-18-08/DeclarativeWorkflows/nsd.yaml", "message": "topology_template:groups:ns_scaling_group:type: tosca.groups.Scaling undefined", "cls": "TopologyTemplateGenerator", "value": "tosca.groups.Scaling", "line": 15, "column": 13}
{"gravity": "error", "file": "./nsd/RESULTS-2025-12-11_00-18-08/DeclarativeWorkflows/nsd.yaml", "message": "topology_template:node_templates:vnf_container:vl - requirement undefined", "cls": "TopologyTemplateGenerator", "value": "vl2", "line": 23, "column": 13}
{"gravity": "error", "file": "./nsd/RESULTS-2025-12-11_00-18-08/DeclarativeWorkflows/nsd.yaml", "message": "topology_template:node_templates:vnf_container:requirements:vl: capability of type unknown not found in tosca.nodes.nfv.VL", "cls": "TopologyTemplateGenerator", "value": "{'type': 'tosca.nodes.nfv.VL'}", "line": 20, "column": 7}
{"gravity": "error", "file": "./nsd/RESULTS-2025-12-11_00-18-08/DeclarativeWorkflows/nsd.yaml", "message": "topology_template:node_templates:vnf_vm1:vl - requirement undefined", "cls": "TopologyTemplateGenerator", "value": "vl1", "line": 27, "column": 13}
{"gravity": "error", "file": "./nsd/RESULTS-2025-12-11_00-18-08/DeclarativeWorkflows/nsd.yaml", "message": "topology_template:node_templates:vnf_vm1:requirements:vl: capability of type unknown not found in tosca.nodes.nfv.VL", "cls": "TopologyTemplateGenerator", "value": "{'type': 'tosca.nodes.nfv.VL'}", "line": 18, "column": 7}
{"gravity": "error", "file": "./nsd/RESULTS-2025-12-11_00-18-08/DeclarativeWorkflows/nsd.yaml", "message": "topology_template:node_templates:vnf_vm2:vl - requirement undefined", "cls": "TopologyTemplateGenerator", "value": "vl1", "line": 31, "column": 13}
{"gravity": "error", "file": "./nsd/RESULTS-2025-12-11_00-18-08/DeclarativeWorkflows/nsd.yaml", "message": "topology_template:node_templates:vnf_vm2:requirements:vl: capability of type unknown not found in tosca.nodes.nfv.VL", "cls": "TopologyTemplateGenerator", "value": "{'type': 'tosca.nodes.nfv.VL'}", "line": 18, "column": 7}
{"gravity": "error", "file": "./nsd/RESULTS-2025-12-11_00-18-08/DeclarativeWorkflows/nsd.yaml", "message": "topology_template:groups:ns_scaling_group:properties: property 'max_instances' unknown", "cls": "TopologyTemplateGenerator", "value": "max_instances", "line": 13, "column": 9}
{"gravity": "error", "file": "./nsd/RESULTS-2025-12-11_00-18-08/DeclarativeWorkflows/nsd.yaml", "message": "topology_template:groups:ns_scaling_group:properties: property 'min_instances' unknown", "cls": "TopologyTemplateGenerator", "value": "min_instances", "line": 14, "column": 9}
{"gravity": "error", "file": "./nsd/RESULTS-2025-12-11_00-18-08/DeclarativeWorkflows/nsd.yaml", "message": "'tosca_nodes_nfv_VL'", "cls": "tosca_nodes_nfv_VL", "value": "tosca_nodes_nfv_VL", "line": 0, "column": 0}
{"gravity": "error", "file": "./nsd/RESULTS-2025-12-11_00-18-08/DeclarativeWorkflows/nsd.yaml", "message": "'tosca_nodes_nfv_VL'", "cls": "tosca_nodes_nfv_VL", "value": "tosca_nodes_nfv_VL", "line": 0, "column": 0}
{"gravity": "error", "file": "./nsd/RESULTS-2025-12-11_00-18-08/DeclarativeWorkflows/nsd.yaml", "message": "'tosca_nodes_nfv_VNF'", "cls": "tosca_nodes_nfv_VNF", "value": "tosca_nodes_nfv_VNF", "line": 0, "column": 0}
{"gravity": "error", "file": "./nsd/RESULTS-2025-12-11_00-18-08/DeclarativeWorkflows/nsd.yaml", "message": "'tosca_nodes_nfv_VNF'", "cls": "tosca_nodes_nfv_VNF", "value": "tosca_nodes_nfv_VNF", "line": 0, "column": 0}
{"gravity": "error", "file": "./nsd/RESULTS-2025-12-11_00-18-08/DeclarativeWorkflows/nsd.yaml", "message": "'tosca_nodes_nfv_VNF'", "cls": "tosca_nodes_nfv_VNF", "value": "tosca_nodes_nfv_VNF", "line": 0, "column": 0}
{"gravity": "error", "file": "./nsd/RESULTS-2025-12-11_00-18-08/DeclarativeWorkflows/nsd.yaml", "message": "'tosca_groups_Scaling'", "cls": "tosca_groups_Scaling", "value": "tosca_groups_Scaling", "line": 0, "column": 0}
{"gravity": "error", "file": "./nsd/RESULTS-2025-12-11_00-18-08/DeclarativeWorkflows/nsd.yaml", "message": "imports[0]: ../vnfd/vnfd_vm1.yaml: No such file: vnfd_vm1.yaml", "cls": "TopologyTemplateGenerator", "value": "../vnfd/vnfd_vm1.yaml", "line": 2, "column": 3}
{"gravity": "error", "file": "./nsd/RESULTS-2025-12-11_00-18-08/DeclarativeWorkflows/nsd.yaml", "message": "imports[1]: ../vnfd/vnfd_vm2.yaml: No such file: vnfd_vm2.yaml", "cls": "TopologyTemplateGenerator", "value": "../vnfd/vnfd_vm2.yaml", "line": 3, "column": 3}
{"gravity": "error", "file": "./nsd/RESULTS-2025-12-11_00-18-08/DeclarativeWorkflows/nsd.yaml", "message": "imports[2]: ../vnfd/vnfd_container.yaml: No such file: vnfd_container.yaml", "cls": "TopologyTemplateGenerator", "value": "../vnfd/vnfd_container.yaml", "line": 4, "column": 3}
{"gravity": "error", "file": "./nsd/RESULTS-2025-12-11_00-18-08/DeclarativeWorkflows/nsd.yaml", "message": "vl: capability undefined", "cls": "ToscaDiagramGenerator", "value": "vl", "line": 23, "column": 9}
{"gravity": "error", "file": "./nsd/RESULTS-2025-12-11_00-18-08/DeclarativeWorkflows/nsd.yaml", "message": "vl: capability undefined", "cls": "ToscaDiagramGenerator", "value": "vl", "line": 27, "column": 9}
{"gravity": "error", "file": "./nsd/RESULTS-2025-12-11_00-18-08/DeclarativeWorkflows/nsd.yaml", "message": "vl: capability undefined", "cls": "ToscaDiagramGenerator", "value": "vl", "line": 31, "column": 9}
