{"gravity": "warning", "file": "./types/etsi_nfv_sol001_nsd_types.yaml", "message": "data_types:tosca.datatypes.nfv.Mask:properties:starting_point:type: integer - no constraints then negative values allowed", "cls": "TypeChecker", "value": "integer", "line": 80, "column": 15}
{"gravity": "warning", "file": "./types/etsi_nfv_sol001_nsd_types.yaml", "message": "data_types:tosca.datatypes.nfv.Mask:properties:length:type: integer - no constraints then negative values allowed", "cls": "TypeChecker", "value": "integer", "line": 84, "column": 15}
{"gravity": "error", "file": "./vnfd/vnfd_vm1.yaml", "message": "topology_template:node_templates:vm1:type: tosca.nodes.nfv.VDU - undefined type but node type expected", "cls": "TypeChecker", "value": "tosca.nodes.nfv.VDU", "line": 20, "column": 13}
{"gravity": "error", "file": "./vnfd/vnfd_vm1.yaml", "message": "topology_template:node_templates:vm1:properties:descriptor_id - undefined in tosca.nodes.nfv.VDU", "cls": "TypeChecker", "value": "descriptor_id", "line": 22, "column": 9}
{"gravity": "error", "file": "./vnfd/vnfd_vm1.yaml", "message": "topology_template:node_templates:vm1:properties:descriptor_version - undefined in tosca.nodes.nfv.VDU", "cls": "TypeChecker", "value": "descriptor_version", "line": 23, "column": 9}
{"gravity": "error", "file": "./vnfd/vnfd_vm1.yaml", "message": "topology_template:node_templates:vm1:properties:provider - undefined in tosca.nodes.nfv.VDU", "cls": "TypeChecker", "value": "provider", "line": 24, "column": 9}
{"gravity": "error", "file": "./vnfd/vnfd_vm1.yaml", "message": "topology_template:node_templates:vm1:properties:product_name - undefined in tosca.nodes.nfv.VDU", "cls": "TypeChecker", "value": "product_name", "line": 25, "column": 9}
{"gravity": "error", "file": "./vnfd/vnfd_vm1.yaml", "message": "topology_template:node_templates:vm1:properties:software_version - undefined in tosca.nodes.nfv.VDU", "cls": "TypeChecker", "value": "software_version", "line": 26, "column": 9}
{"gravity": "error", "file": "./vnfd/vnfd_vm1.yaml", "message": "topology_template:node_templates:vm1:properties:vnfm_info - undefined in tosca.nodes.nfv.VDU", "cls": "TypeChecker", "value": "vnfm_info", "line": 27, "column": 9}
{"gravity": "error", "file": "./vnfd/vnfd_vm1.yaml", "message": "topology_template:node_templates:vm1:properties:flavour_id - undefined in tosca.nodes.nfv.VDU", "cls": "TypeChecker", "value": "flavour_id", "line": 28, "column": 9}
{"gravity": "error", "file": "./vnfd/vnfd_vm1.yaml", "message": "topology_template:node_templates:vm1:properties:flavour_description - undefined in tosca.nodes.nfv.VDU", "cls": "TypeChecker", "value": "flavour_description", "line": 29, "column": 9}
{"gravity": "error", "file": "./vnfd/vnfd_vm1.yaml", "message": "topology_template:node_templates:vm1:type: tosca.nodes.nfv.VDU undefined", "cls": "TopologyTemplateGenerator", "value": "tosca.nodes.nfv.VDU", "line": 20, "column": 13}
{"gravity": "error", "file": "./vnfd/vnfd_vm1.yaml", "message": "topology_template:node_templates:vm1:properties: property 'descriptor_id' unknown", "cls": "TopologyTemplateGenerator", "value": "descriptor_id", "line": 22, "column": 9}
{"gravity": "error", "file": "./vnfd/vnfd_vm1.yaml", "message": "topology_template:node_templates:vm1:properties: property 'descriptor_version' unknown", "cls": "TopologyTemplateGenerator", "value": "descriptor_version", "line": 23, "column": 9}
{"gravity": "error", "file": "./vnfd/vnfd_vm1.yaml", "message": "topology_template:node_templates:vm1:properties: property 'provider' unknown", "cls": "TopologyTemplateGenerator", "value": "provider", "line": 24, "column": 9}
{"gravity": "error", "file": "./vnfd/vnfd_vm1.yaml", "message": "topology_template:node_templates:vm1:properties: property 'product_name' unknown", "cls": "TopologyTemplateGenerator", "value": "product_name", "line": 25, "column": 9}
{"gravity": "error", "file": "./vnfd/vnfd_vm1.yaml", "message": "topology_template:node_templates:vm1:properties: property 'software_version' unknown", "cls": "TopologyTemplateGenerator", "value": "software_version", "line": 26, "column": 9}
{"gravity": "error", "file": "./vnfd/vnfd_vm1.yaml", "message": "topology_template:node_templates:vm1:properties: property 'vnfm_info' unknown", "cls": "TopologyTemplateGenerator", "value": "vnfm_info", "line": 27, "column": 9}
{"gravity": "error", "file": "./vnfd/vnfd_vm1.yaml", "message": "topology_template:node_templates:vm1:properties: property 'flavour_id' unknown", "cls": "TopologyTemplateGenerator", "value": "flavour_id", "line": 28, "column": 9}
{"gravity": "error", "file": "./vnfd/vnfd_vm1.yaml", "message": "topology_template:node_templates:vm1:properties: property 'flavour_description' unknown", "cls": "TopologyTemplateGenerator", "value": "flavour_description", "line": 29, "column": 9}
{"gravity": "error", "file": "./vnfd/vnfd_vm1.yaml", "message": "'tosca_nodes_nfv_VDU'", "cls": "tosca_nodes_nfv_VDU", "value": "tosca_nodes_nfv_VDU", "line": 0, "column": 0}
{"gravity": "error", "file": "./vnfd/vnfd_container.yaml", "message": "topology_template:node_templates:podA:requirements:host - no node template matching tosca.nodes.Container.Runtime", "cls": "TypeChecker", "value": "None", "line": 0, "column": 0}
{"gravity": "error", "file": "./vnfd/vnfd_container.yaml", "message": "topology_template:node_templates:podA:requirements:network - no node template matching tosca.nodes.network.Network", "cls": "TypeChecker", "value": "None", "line": 0, "column": 0}
{"gravity": "error", "file": "./vnfd/vnfd_container.yaml", "message": "topology_template:node_templates:podB:requirements:host - no node template matching tosca.nodes.Container.Runtime", "cls": "TypeChecker", "value": "None", "line": 0, "column": 0}
{"gravity": "error", "file": "./vnfd/vnfd_container.yaml", "message": "topology_template:node_templates:podB:requirements:network - no node template matching tosca.nodes.network.Network", "cls": "TypeChecker", "value": "None", "line": 0, "column": 0}
{"gravity": "error", "file": "./vnfd/vnfd_vm2.yaml", "message": "topology_template:node_templates:vm2:type: tosca.nodes.nfv.VDU - undefined type but node type expected", "cls": "TypeChecker", "value": "tosca.nodes.nfv.VDU", "line": 20, "column": 13}
{"gravity": "error", "file": "./vnfd/vnfd_vm2.yaml", "message": "topology_template:node_templates:vm2:properties:descriptor_id - undefined in tosca.nodes.nfv.VDU", "cls": "TypeChecker", "value": "descriptor_id", "line": 22, "column": 9}
{"gravity": "error", "file": "./vnfd/vnfd_vm2.yaml", "message": "topology_template:node_templates:vm2:properties:descriptor_version - undefined in tosca.nodes.nfv.VDU", "cls": "TypeChecker", "value": "descriptor_version", "line": 23, "column": 9}
{"gravity": "error", "file": "./vnfd/vnfd_vm2.yaml", "message": "topology_template:node_templates:vm2:properties:provider - undefined in tosca.nodes.nfv.VDU", "cls": "TypeChecker", "value": "provider", "line": 24, "column": 9}
{"gravity": "error", "file": "./vnfd/vnfd_vm2.yaml", "message": "topology_template:node_templates:vm2:properties:product_name - undefined in tosca.nodes.nfv.VDU", "cls": "TypeChecker", "value": "product_name", "line": 25, "column": 9}
{"gravity": "error", "file": "./vnfd/vnfd_vm2.yaml", "message": "topology_template:node_templates:vm2:properties:software_version - undefined in tosca.nodes.nfv.VDU", "cls": "TypeChecker", "value": "software_version", "line": 26, "column": 9}
{"gravity": "error", "file": "./vnfd/vnfd_vm2.yaml", "message": "topology_template:node_templates:vm2:properties:vnfm_info - undefined in tosca.nodes.nfv.VDU", "cls": "TypeChecker", "value": "vnfm_info", "line": 27, "column": 9}
{"gravity": "error", "file": "./vnfd/vnfd_vm2.yaml", "message": "topology_template:node_templates:vm2:properties:flavour_id - undefined in tosca.nodes.nfv.VDU", "cls": "TypeChecker", "value": "flavour_id", "line": 28, "column": 9}
{"gravity": "error", "file": "./vnfd/vnfd_vm2.yaml", "message": "topology_template:node_templates:vm2:properties:flavour_description - undefined in tosca.nodes.nfv.VDU", "cls": "TypeChecker", "value": "flavour_description", "line": 29, "column": 9}
{"gravity": "error", "file": "./vnfd/vnfd_vm2.yaml", "message": "topology_template:node_templates:vm2:type: tosca.nodes.nfv.VDU undefined", "cls": "TopologyTemplateGenerator", "value": "tosca.nodes.nfv.VDU", "line": 20, "column": 13}
{"gravity": "error", "file": "./vnfd/vnfd_vm2.yaml", "message": "topology_template:node_templates:vm2:properties: property 'descriptor_id' unknown", "cls": "TopologyTemplateGenerator", "value": "descriptor_id", "line": 22, "column": 9}
{"gravity": "error", "file": "./vnfd/vnfd_vm2.yaml", "message": "topology_template:node_templates:vm2:properties: property 'descriptor_version' unknown", "cls": "TopologyTemplateGenerator", "value": "descriptor_version", "line": 23, "column": 9}
{"gravity": "error", "file": "./vnfd/vnfd_vm2.yaml", "message": "topology_template:node_templates:vm2:properties: property 'provider' unknown", "cls": "TopologyTemplateGenerator", "value": "provider", "line": 24, "column": 9}
{"gravity": "error", "file": "./vnfd/vnfd_vm2.yaml", "message": "topology_template:node_templates:vm2:properties: property 'product_name' unknown", "cls": "TopologyTemplateGenerator", "value": "product_name", "line": 25, "column": 9}
{"gravity": "error", "file": "./vnfd/vnfd_vm2.yaml", "message": "topology_template:node_templates:vm2:properties: property 'software_version' unknown", "cls": "TopologyTemplateGenerator", "value": "software_version", "line": 26, "column": 9}
{"gravity": "error", "file": "./vnfd/vnfd_vm2.yaml", "message": "topology_template:node_templates:vm2:properties: property 'vnfm_info' unknown", "cls": "TopologyTemplateGenerator", "value": "vnfm_info", "line": 27, "column": 9}
{"gravity": "error", "file": "./vnfd/vnfd_vm2.yaml", "message": "topology_template:node_templates:vm2:properties: property 'flavour_id' unknown", "cls": "TopologyTemplateGenerator", "value": "flavour_id", "line": 28, "column": 9}
{"gravity": "error", "file": "./vnfd/vnfd_vm2.yaml", "message": "topology_template:node_templates:vm2:properties: property 'flavour_description' unknown", "cls": "TopologyTemplateGenerator", "value": "flavour_description", "line": 29, "column": 9}
{"gravity": "error", "file": "./vnfd/vnfd_vm2.yaml", "message": "'tosca_nodes_nfv_VDU'", "cls": "tosca_nodes_nfv_VDU", "value": "tosca_nodes_nfv_VDU", "line": 0, "column": 0}
{"gravity": "error", "file": "./nsd.yaml", "message": "topology_template:node_templates:vnf_vm1:properties:descriptor_version: 1.0 - string expected", "cls": "TypeChecker", "value": "1.0", "line": 18, "column": 29}
{"gravity": "error", "file": "./nsd.yaml", "message": "topology_template:node_templates:vnf_vm1:properties:software_version: 1.0 - string expected", "cls": "TypeChecker", "value": "1.0", "line": 21, "column": 27}
{"gravity": "error", "file": "./nsd.yaml", "message": "topology_template:node_templates:vnf_vm1:properties:vnfm_info: vnfm_vm1 - list expected", "cls": "TypeChecker", "value": "vnfm_vm1", "line": 22, "column": 20}
{"gravity": "error", "file": "./nsd.yaml", "message": "topology_template:node_templates:vnf_vm2:properties:descriptor_version: 1.0 - string expected", "cls": "TypeChecker", "value": "1.0", "line": 30, "column": 29}
{"gravity": "error", "file": "./nsd.yaml", "message": "topology_template:node_templates:vnf_vm2:properties:software_version: 1.0 - string expected", "cls": "TypeChecker", "value": "1.0", "line": 33, "column": 27}
{"gravity": "error", "file": "./nsd.yaml", "message": "topology_template:node_templates:vnf_vm2:properties:vnfm_info: vnfm_vm2 - list expected", "cls": "TypeChecker", "value": "vnfm_vm2", "line": 34, "column": 20}
{"gravity": "error", "file": "./nsd.yaml", "message": "topology_template:node_templates:vnf_container:properties:descriptor_version: 1.0 - string expected", "cls": "TypeChecker", "value": "1.0", "line": 42, "column": 29}
{"gravity": "error", "file": "./nsd.yaml", "message": "topology_template:node_templates:vnf_container:properties:software_version: 1.0 - string expected", "cls": "TypeChecker", "value": "1.0", "line": 45, "column": 27}
{"gravity": "error", "file": "./nsd.yaml", "message": "topology_template:node_templates:vnf_container:properties:vnfm_info: vnfm_container - list expected", "cls": "TypeChecker", "value": "vnfm_container", "line": 46, "column": 20}
{"gravity": "error", "file": "./nsd/RESULTS-2025-12-11_00-18-08/DeclarativeWorkflows/nsd.yaml", "message": "imports[0]:file: ../vnfd/vnfd_vm1.yaml - file not found", "cls": "TypeChecker", "value": "../vnfd/vnfd_vm1.yaml", "line": 2, "column": 3}
{"gravity": "error", "file": "./nsd/RESULTS-2025-12-11_00-18-08/DeclarativeWorkflows/nsd.yaml", "message": "imports[1]:file: ../vnfd/vnfd_vm2.yaml - file not found", "cls": "TypeChecker", "value": "../vnfd/vnfd_vm2.yaml", "line": 3, "column": 3}
{"gravity": "error", "file": "./nsd/RESULTS-2025-12-11_00-18-08/DeclarativeWorkflows/nsd.yaml", "message": "imports[2]:file: ../vnfd/vnfd_container.yaml - file not found", "cls": "TypeChecker", "value": "../vnfd/vnfd_container.yaml", "line": 4, "column": 3}
{"gravity": "error", "file": "./nsd/RESULTS-2025-12-11_00-18-08/DeclarativeWorkflows/nsd.yaml", "message": "topology_template:node_templates:vl1:type: tosca.nodes.nfv.VL - undefined type but node type expected", "cls": "TypeChecker", "value": "tosca.nodes.nfv.VL", "line": 18, "column": 13}
{"gravity": "error", "file": "./nsd/RESULTS-2025-12-11_00-18-08/DeclarativeWorkflows/nsd.yaml", "message": "topology_template:node_templates:vl2:type: tosca.nodes.nfv.VL - undefined type but node type expected", "cls": "TypeChecker", "value": "tosca.nodes.nfv.VL", "line": 20, "column": 13}
{"gravity": "error", "file": "./nsd/RESULTS-2025-12-11_00-18-08/DeclarativeWorkflows/nsd.yaml", "message": "topology_template:node_templates:vnf_container:type: tosca.nodes.nfv.VNF - undefined type but node type expected", "cls": "TypeChecker", "value": "tosca.nodes.nfv.VNF", "line": 24, "column": 13}
{"gravity": "error", "file": "./nsd/RESULTS-2025-12-11_00-18-08/DeclarativeWorkflows/nsd.yaml", "message": "topology_template:node_templates:vnf_container:requirements[0]:vl - undefined in tosca.nodes.nfv.VNF", "cls": "TypeChecker", "value": "vl", "line": 23, "column": 9}
{"gravity": "error", "file": "./nsd/RESULTS-2025-12-11_00-18-08/DeclarativeWorkflows/nsd.yaml", "message": "topology_template:node_templates:vnf_vm1:type: tosca.nodes.nfv.VNF - undefined type but node type expected", "cls": "TypeChecker", "value": "tosca.nodes.nfv.VNF", "line": 28, "column": 13}
{"gravity": "error", "file": "./nsd/RESULTS-2025-12-11_00-18-08/DeclarativeWorkflows/nsd.yaml", "message": "topology_template:node_templates:vnf_vm1:requirements[0]:vl - undefined in tosca.nodes.nfv.VNF", "cls": "TypeChecker", "value": "vl", "line": 27, "column": 9}
{"gravity": "error", "file": "./nsd/RESULTS-2025-12-11_00-18-08/DeclarativeWorkflows/nsd.yaml", "message": "topology_template:node_templates:vnf_vm2:type: tosca.nodes.nfv.VNF - undefined type but node type expected", "cls": "TypeChecker", "value": "tosca.nodes.nfv.VNF", "line": 32, "column": 13}
{"gravity": "error", "file": "./nsd/RESULTS-2025-12-11_00-18-08/DeclarativeWorkflows/nsd.yaml", "message": "topology_template:node_templates:vnf_vm2:requirements[0]:vl - undefined in tosca.nodes.nfv.VNF", "cls": "TypeChecker", "value": "vl", "line": 31, "column": 9}
{"gravity": "error", "file": "./nsd/RESULTS-2025-12-11_00-18-08/DeclarativeWorkflows/nsd.yaml", "message": "topology_template:groups:ns_scaling_group:type: tosca.groups.Scaling - undefined type but group type expected", "cls": "TypeChecker", "value": "tosca.groups.Scaling", "line": 15, "column": 13}
{"gravity": "error", "file": "./nsd/RESULTS-2025-12-11_00-18-08/DeclarativeWorkflows/nsd.yaml", "message": "topology_template:groups:ns_scaling_group:properties:max_instances - undefined in tosca.groups.Scaling", "cls": "TypeChecker", "value": "max_instances", "line": 13, "column": 9}
{"gravity": "error", "file": "./nsd/RESULTS-2025-12-11_00-18-08/DeclarativeWorkflows/nsd.yaml", "message": "topology_template:groups:ns_scaling_group:properties:min_instances - undefined in tosca.groups.Scaling", "cls": "TypeChecker", "value": "min_instances", "line": 14, "column": 9}
{"gravity": "error", "file": "./nsd/RESULTS-2025-12-11_00-18-08/DeclarativeWorkflows/nsd.yaml", "message": "topology_template:workflows:declarative_deploy:steps:deploy_vl1:type: tosca.nodes.nfv.VL - undefined type but node or group type expected", "cls": "TypeChecker", "value": "tosca.nodes.nfv.VL", "line": 18, "column": 13}
{"gravity": "error", "file": "./nsd/RESULTS-2025-12-11_00-18-08/DeclarativeWorkflows/nsd.yaml", "message": "topology_template:workflows:declarative_deploy:steps:deploy_vl2:type: tosca.nodes.nfv.VL - undefined type but node or group type expected", "cls": "TypeChecker", "value": "tosca.nodes.nfv.VL", "line": 20, "column": 13}
{"gravity": "error", "file": "./nsd/RESULTS-2025-12-11_00-18-08/DeclarativeWorkflows/nsd.yaml", "message": "topology_template:workflows:declarative_deploy:steps:deploy_vnf_container:type: tosca.nodes.nfv.VNF - undefined type but node or group type expected", "cls": "TypeChecker", "value": "tosca.nodes.nfv.VNF", "line": 24, "column": 13}
{"gravity": "error", "file": "./nsd/RESULTS-2025-12-11_00-18-08/DeclarativeWorkflows/nsd.yaml", "message": "topology_template:workflows:declarative_deploy:steps:deploy_vnf_vm1:type: tosca.nodes.nfv.VNF - undefined type but node or group type expected", "cls": "TypeChecker", "value": "tosca.nodes.nfv.VNF", "line": 28, "column": 13}
{"gravity": "error", "file": "./nsd/RESULTS-2025-12-11_00-18-08/DeclarativeWorkflows/nsd.yaml", "message": "topology_template:workflows:declarative_deploy:steps:deploy_vnf_vm2:type: tosca.nodes.nfv.VNF - undefined type but node or group type expected", "cls": "TypeChecker", "value": "tosca.nodes.nfv.VNF", "line": 32, "column": 13}
{"gravity": "error", "file": "./nsd/RESULTS-2025-12-11_00-18-08/DeclarativeWorkflows/nsd.yaml", "message": "topology_template:workflows:declarative_undeploy:steps:undeploy_vl1:type: tosca.nodes.nfv.VL - undefined type but node or group type expected", "cls": "TypeChecker", "value": "tosca.nodes.nfv.VL", "line": 18, "column": 13}
{"gravity": "error", "file": "./nsd/RESULTS-2025-12-11_00-18-08/DeclarativeWorkflows/nsd.yaml", "message": "topology_template:workflows:declarative_undeploy:steps:undeploy_vl2:type: tosca.nodes.nfv.VL - undefined type but node or group type expected", "cls": "TypeChecker", "value": "tosca.nodes.nfv.VL", "line": 20, "column": 13}
{"gravity": "error", "file": "./nsd/RESULTS-2025-12-11_00-18-08/DeclarativeWorkflows/nsd.yaml", "message": "topology_template:workflows:declarative_undeploy:steps:undeploy_vnf_container:type: tosca.nodes.nfv.VNF - undefined type but node or group type expected", "cls": "TypeChecker", "value": "tosca.nodes.nfv.VNF", "line": 24, "column": 13}
{"gravity": "error", "file": "./nsd/RESULTS-2025-12-11_00-18-08/DeclarativeWorkflows/nsd.yaml", "message": "topology_template:workflows:declarative_undeploy:steps:undeploy_vnf_vm1:type: tosca.nodes.nfv.VNF - undefined type but node or group type expected", "cls": "TypeChecker", "value": "tosca.nodes.nfv.VNF", "line": 28, "column": 13}
{"gravity": "error", "file": "./nsd/RESULTS-2025-12-11_00-18-08/DeclarativeWorkflows/nsd.yaml", "message": "topology_template:workflows:declarative_undeploy:steps:undeploy_vnf_vm2:type: tosca.nodes.nfv.VNF - undefined type but node or group type expected", "cls": "TypeChecker", "value": "tosca.nodes.nfv.VNF", "line": 32, "column": 13}
{"gravity": "error", "file": "./nsd/RESULTS-2025-12-11_00-18-08/DeclarativeWorkflows/nsd.yaml", "message": "topology_template:workflows:parallel_deploy:steps:deploy_vl1:type: tosca.nodes.nfv.VL - undefined type but node or group type expected", "cls": "TypeChecker", "value": "tosca.nodes.nfv.VL", "line": 18, "column": 13}
{"gravity": "error", "file": "./nsd/RESULTS-2025-12-11_00-18-08/DeclarativeWorkflows/nsd.yaml", "message": "topology_template:workflows:parallel_deploy:steps:deploy_vl2:type: tosca.nodes.nfv.VL - undefined type but node or group type expected", "cls": "TypeChecker", "value": "tosca.nodes.nfv.VL", "line": 20, "column": 13}
{"gravity": "error", "file": "./nsd/RESULTS-2025-12-11_00-18-08/DeclarativeWorkflows/nsd.yaml", "message": "topology_template:workflows:parallel_deploy:steps:deploy_vnf_container:type: tosca.nodes.nfv.VNF - undefined type but node or group type expected", "cls": "TypeChecker", "value": "tosca.nodes.nfv.VNF", "line": 24, "column": 13}
{"gravity": "error", "file": "./nsd/RESULTS-2025-12-11_00-18-08/DeclarativeWorkflows/nsd.yaml", "message": "topology_template:workflows:parallel_deploy:steps:deploy_vnf_vm1:type: tosca.nodes.nfv.VNF - undefined type but node or group type expected", "cls": "TypeChecker", "value": "tosca.nodes.nfv.VNF", "line": 28, "column": 13}
{"gravity": "error", "file": "./nsd/RESULTS-2025-12-11_00-18-08/DeclarativeWorkflows/nsd.yaml", "message": "topology_template:workflows:parallel_deploy:steps:deploy_vnf_vm2:type: tosca.nodes.nfv.VNF - undefined type but node or group type expected", "cls": "TypeChecker", "value": "tosca.nodes.nfv.VNF", "line": 32, "column": 13}
{"gravity": "error", "file": "./nsd/RESULTS-2025-12-11_00-18-08/DeclarativeWorkflows/nsd.yaml", "message": "topology_template:workflows:parallel_undeploy:steps:undeploy_vl1:type: tosca.nodes.nfv.VL - undefined type but node or group type expected", "cls": "TypeChecker", "value": "tosca.nodes.nfv.VL", "line": 18, "column": 13}
{"gravity": "error", "file": "./nsd/RESULTS-2025-12-11_00-18-08/DeclarativeWorkflows/nsd.yaml", "message": "topology_template:workflows:parallel_undeploy:steps:undeploy_vl2:type: tosca.nodes.nfv.VL - undefined type but node or group type expected", "cls": "TypeChecker", "value": "tosca.nodes.nfv.VL", "line": 20, "column": 13}
{"gravity": "error", "file": "./nsd/RESULTS-2025-12-11_00-18-08/DeclarativeWorkflows/nsd.yaml", "message": "topology_template:workflows:parallel_undeploy:steps:undeploy_vnf_container:type: tosca.nodes.nfv.VNF - undefined type but node or group type expected", "cls": "TypeChecker", "value": "tosca.nodes.nfv.VNF", "line": 24, "column": 13}
{"gravity": "error", "file": "./nsd/RESULTS-2025-12-11_00-18-08/DeclarativeWorkflows/nsd.yaml", "message": "topology_template:workflows:parallel_undeploy:steps:undeploy_vnf_vm1:type: tosca.nodes.nfv.VNF - undefined type but node or group type expected", "cls": "TypeChecker", "value": "tosca.nodes.nfv.VNF", "line": 28, "column": 13}
{"gravity": "error", "file": "./nsd/RESULTS-2025-12-11_00-18-08/DeclarativeWorkflows/nsd.yaml", "message": "topology_template:workflows:parallel_undeploy:steps:undeploy_vnf_vm2:type: tosca.nodes.nfv.VNF - undefined type but node or group type expected", "cls": "TypeChecker", "value": "tosca.nodes.nfv.VNF", "line": 32, "column": 13}
{"gravity": "error", "file": "./nsd/RESULTS-2025-12-11_00-18-08/DeclarativeWorkflows/nsd.yaml", "message": "topology_template:node_templates:vl1:type: tosca.nodes.nfv.VL undefined", "cls": "TopologyTemplateGenerator", "value": "tosca.nodes.nfv.VL", "line": 18, "column": 13}
{"gravity": "error", "file": "./nsd/RESULTS-2025-12-11_00-18-08/DeclarativeWorkflows/nsd.yaml", "message": "topology_template:node_templates:vl2:type: tosca.nodes.nfv.VL undefined", "cls": "TopologyTemplateGenerator", "value": "tosca.nodes.nfv.VL", "line": 20, "column": 13}
{"gravity": "error", "file": "./nsd/RESULTS-2025-12-11_00-18-08/DeclarativeWorkflows/nsd.yaml", "message": "topology_template:node_templates:vnf_container:type: tosca.nodes.nfv.VNF undefined", "cls": "TopologyTemplateGenerator", "value": "tosca.nodes.nfv.VNF", "line": 24, "column": 13}
{"gravity": "error", "file": "./nsd/RESULTS-2025-12-11_00-18-08/DeclarativeWorkflows/nsd.yaml", "message": "topology_template:node_templates:vnf_vm1:type: tosca.nodes.nfv.VNF undefined", "cls": "TopologyTemplateGenerator", "value": "tosca.nodes.nfv.VNF", "line": 28, "column": 13}
{"gravity": "error", "file": "./nsd/RESULTS-2025-12-11_00-18-08/DeclarativeWorkflows/nsd.yaml", "message": "topology_template:node_templates:vnf_vm2:type: tosca.nodes.nfv.VNF undefined", "cls": "TopologyTemplateGenerator", "value": "tosca.nodes.nfv.VNF", "line": 32, "column": 13}
{"gravity": "error", "file": "./nsd/RESULTS-2025-12-11_00-18-08/DeclarativeWorkflows/nsd.yaml", "message": "topology_template:groups:ns_scaling_group:type: tosca.groups.Scaling undefined", "cls": "TopologyTemplateGenerator", "value": "tosca.groups.Scaling", "line": 15, "column": 13}
{"gravity": "error", "file": "./nsd/RESULTS-2025-12-11_00-18-08/DeclarativeWorkflows/nsd.yaml", "message": "topology_template:node_templates:vnf_container:vl - requirement undefined", "cls": "TopologyTemplateGenerator", "value": "vl2", "line": 23, "column": 13}
{"gravity": "error", "file": "./nsd/RESULTS-2025-12-11_00-18-08/DeclarativeWorkflows/nsd.yaml", "message": "topology_template:node_templates:vnf_container:requirements:vl: capability of type unknown not found in tosca.nodes.nfv.VL", "cls": "TopologyTemplateGenerator", "value": "{'type': 'tosca.nodes.nfv.VL'}", "line": 20, "column": 7}
{"gravity": "error", "file": "./nsd/RESULTS-2025-12-11_00-18-08/DeclarativeWorkflows/nsd.yaml", "message": "topology_template:node_templates:vnf_vm1:vl - requirement undefined", "cls": "TopologyTemplateGenerator", "value": "vl1", "line": 27, "column": 13}
{"gravity": "error", "file": "./nsd/RESULTS-2025-12-11_00-18-08/DeclarativeWorkflows/nsd.yaml", "message": "topology_template:node_templates:vnf_vm1:requirements:vl: capability of type unknown not found in tosca.nodes.nfv.VL", "cls": "TopologyTemplateGenerator", "value": "{'type': 'tosca.nodes.nfv.VL'}", "line": 18, "column": 7}
{"gravity": "error", "file": "./nsd/RESULTS-2025-12-11_00-18-08/DeclarativeWorkflows/nsd.yaml", "message": "topology_template:node_templates:vnf_vm2:vl - requirement undefined", "cls": "TopologyTemplateGenerator", "value": "vl1", "line": 31, "column": 13}
{"gravity": "error", "file": "./nsd/RESULTS-2025-12-11_00-18-08/DeclarativeWorkflows/nsd.yaml", "message": "topology_template:node_templates:vnf_vm2:requirements:vl: capability of type unknown not found in tosca.nodes.nfv.VL", "cls": "TopologyTemplateGenerator", "value": "{'type': 'tosca.nodes.nfv.VL'}", "line": 18, "column": 7}
{"gravity": "error", "file": "./nsd/RESULTS-2025-12-11_00-18-08/DeclarativeWorkflows/nsd.yaml", "message": "topology_template:groups:ns_scaling_group:properties: property 'max_instances' unknown", "cls": "TopologyTemplateGenerator", "value": "max_instances", "line": 13, "column": 9}
{"gravity": "error", "file": "./nsd/RESULTS-2025-12-11_00-18-08/DeclarativeWorkflows/nsd.yaml", "message": "topology_template:groups:ns_scaling_group:properties: property 'min_instances' unknown", "cls": "TopologyTemplateGenerator", "value": "min_instances", "line": 14, "column": 9}
{"gravity": "error", "file": "./nsd/RESULTS-2025-12-11_00-18-08/DeclarativeWorkflows/nsd.yaml", "message": "'tosca_nodes_nfv_VL'", "cls": "tosca_nodes_nfv_VL", "value": "tosca_nodes_nfv_VL", "line": 0, "column": 0}
{"gravity": "error", "file": "./nsd/RESULTS-2025-12-11_00-18-08/DeclarativeWorkflows/nsd.yaml", "message": "'tosca_nodes_nfv_VL'", "cls": "tosca_nodes_nfv_VL", "value": "tosca_nodes_nfv_VL", "line": 0, "column": 0}
{"gravity": "error", "file": "./nsd/RESULTS-2025-12-11_00-18-08/DeclarativeWorkflows/nsd.yaml", "message": "'tosca_nodes_nfv_VNF'", "cls": "tosca_nodes_nfv_VNF", "value": "tosca_nodes_nfv_VNF", "line": 0, "column": 0}
{"gravity": "error", "file": "./nsd/RESULTS-2025-12-11_00-18-08/DeclarativeWorkflows/nsd.yaml", "message": "'tosca_nodes_nfv_VNF'", "cls": "tosca_nodes_nfv_VNF", "value": "tosca_nodes_nfv_VNF", "line": 0, "column": 0}
{"gravity": "error", "file": "./nsd/RESULTS-2025-12-11_00-18-08/DeclarativeWorkflows/nsd.yaml", "message": "'tosca_nodes_nfv_VNF'", "cls": "tosca_nodes_nfv_VNF", "value": "tosca_nodes_nfv_VNF", "line": 0, "column": 0}
{"gravity": "error", "file": "./nsd/RESULTS-2025-12-11_00-18-08/DeclarativeWorkflows/nsd.yaml", "message": "'tosca_groups_Scaling'", "cls": "tosca_groups_Scaling", "value": "tosca_groups_Scaling", "line": 0, "column": 0}
{"gravity": "error", "file": "./nsd/RESULTS-2025-12-11_00-18-08/DeclarativeWorkflows/nsd.yaml", "message": "imports[0]: ../vnfd/vnfd_vm1.yaml: No such file: vnfd_vm1.yaml", "cls": "TopologyTemplateGenerator", "value": "../vnfd/vnfd_vm1.yaml", "line": 2, "column": 3}
{"gravity": "error", "file": "./nsd/RESULTS-2025-12-11_00-18-08/DeclarativeWorkflows/nsd.yaml", "message": "imports[1]: ../vnfd/vnfd_vm2.yaml: No such file: vnfd_vm2.yaml", "cls": "TopologyTemplateGenerator", "value": "../vnfd/vnfd_vm2.yaml", "line": 3, "column": 3}
{"gravity": "error", "file": "./nsd/RESULTS-2025-12-11_00-18-08/DeclarativeWorkflows/nsd.yaml", "message": "imports[2]: ../vnfd/vnfd_container.yaml: No such file: vnfd_container.yaml", "cls": "TopologyTemplateGenerator", "value": "../vnfd/vnfd_container.yaml", "line": 4, "column": 3}
{"gravity": "error", "file": "./nsd/RESULTS-2025-12-11_00-18-08/DeclarativeWorkflows/nsd.yaml", "message": "vl: capability undefined", "cls": "ToscaDiagramGenerator", "value": "vl", "line": 23, "column": 9}
{"gravity": "error", "file": "./nsd/RESULTS-2025-12-11_00-18-08/DeclarativeWorkflows/nsd.yaml", "message": "vl: capability undefined", "cls": "ToscaDiagramGenerator", "value": "vl", "line": 27, "column": 9}
{"gravity": "error", "file": "./nsd/RESULTS-2025-12-11_00-18-08/DeclarativeWorkflows/nsd.yaml", "message": "vl: capability undefined", "cls": "ToscaDiagramGenerator", "value": "vl", "line": 31, "column": 9}
